c:\users\baso4\desktop\study\2023-2024\datastructure\teamworkoftree\x64\debug\vc143.pdb
c:\users\baso4\desktop\study\2023-2024\datastructure\teamworkoftree\x64\debug\vc143.idb
c:\users\baso4\desktop\study\2023-2024\datastructure\teamworkoftree\x64\debug\tree.obj
c:\users\baso4\desktop\study\2023-2024\datastructure\teamworkoftree\x64\debug\teamworkoftree.obj
c:\users\baso4\desktop\study\2023-2024\datastructure\teamworkoftree\x64\debug\stack.obj
c:\users\baso4\desktop\study\2023-2024\datastructure\teamworkoftree\x64\debug\teamworkoftree.obj.enc
c:\users\baso4\desktop\study\2023-2024\datastructure\teamworkoftree\x64\debug\tree.obj.enc
c:\users\baso4\desktop\study\2023-2024\datastructure\teamworkoftree\x64\debug\teamworkoftree.pdb
c:\users\baso4\desktop\study\2023-2024\datastructure\teamworkoftree\x64\debug\teamworkoftree.tlog\cl.command.1.tlog
c:\users\baso4\desktop\study\2023-2024\datastructure\teamworkoftree\x64\debug\teamworkoftree.tlog\cl.items.tlog
c:\users\baso4\desktop\study\2023-2024\datastructure\teamworkoftree\x64\debug\teamworkoftree.tlog\cl.read.1.tlog
c:\users\baso4\desktop\study\2023-2024\datastructure\teamworkoftree\x64\debug\teamworkoftree.tlog\cl.write.1.tlog
c:\users\baso4\desktop\study\2023-2024\datastructure\teamworkoftree\x64\debug\teamworkoftree.tlog\link-cvtres.read.1.tlog
c:\users\baso4\desktop\study\2023-2024\datastructure\teamworkoftree\x64\debug\teamworkoftree.tlog\link-cvtres.write.1.tlog
c:\users\baso4\desktop\study\2023-2024\datastructure\teamworkoftree\x64\debug\teamworkoftree.tlog\link-rc.read.1.tlog
c:\users\baso4\desktop\study\2023-2024\datastructure\teamworkoftree\x64\debug\teamworkoftree.tlog\link-rc.write.1.tlog
c:\users\baso4\desktop\study\2023-2024\datastructure\teamworkoftree\x64\debug\teamworkoftree.tlog\link.20824-cvtres.read.1.tlog
c:\users\baso4\desktop\study\2023-2024\datastructure\teamworkoftree\x64\debug\teamworkoftree.tlog\link.20824-cvtres.write.1.tlog
c:\users\baso4\desktop\study\2023-2024\datastructure\teamworkoftree\x64\debug\teamworkoftree.tlog\link.20824-rc.read.1.tlog
c:\users\baso4\desktop\study\2023-2024\datastructure\teamworkoftree\x64\debug\teamworkoftree.tlog\link.20824-rc.write.1.tlog
c:\users\baso4\desktop\study\2023-2024\datastructure\teamworkoftree\x64\debug\teamworkoftree.tlog\link.20824.read.1.tlog
c:\users\baso4\desktop\study\2023-2024\datastructure\teamworkoftree\x64\debug\teamworkoftree.tlog\link.20824.read.2.tlog
c:\users\baso4\desktop\study\2023-2024\datastructure\teamworkoftree\x64\debug\teamworkoftree.tlog\link.20824.read.3.tlog
c:\users\baso4\desktop\study\2023-2024\datastructure\teamworkoftree\x64\debug\teamworkoftree.tlog\link.20824.read.4.tlog
c:\users\baso4\desktop\study\2023-2024\datastructure\teamworkoftree\x64\debug\teamworkoftree.tlog\link.20824.write.1.tlog
c:\users\baso4\desktop\study\2023-2024\datastructure\teamworkoftree\x64\debug\teamworkoftree.tlog\link.command.1.tlog
c:\users\baso4\desktop\study\2023-2024\datastructure\teamworkoftree\x64\debug\teamworkoftree.tlog\link.read.1.tlog
c:\users\baso4\desktop\study\2023-2024\datastructure\teamworkoftree\x64\debug\teamworkoftree.tlog\link.read.2.tlog
c:\users\baso4\desktop\study\2023-2024\datastructure\teamworkoftree\x64\debug\teamworkoftree.tlog\link.read.3.tlog
c:\users\baso4\desktop\study\2023-2024\datastructure\teamworkoftree\x64\debug\teamworkoftree.tlog\link.read.4.tlog
c:\users\baso4\desktop\study\2023-2024\datastructure\teamworkoftree\x64\debug\teamworkoftree.tlog\link.write.1.tlog
